This is e-upTeX, Version 3.141592653-p4.1.2-u2.00-250202-2.6 (utf8.euc) (TeX Live 2025) (preloaded format=platex 2025.5.28)  5 JUN 2025 02:04
entering extended mode
 restricted \write18 enabled.
 file:line:error style messages enabled.
 %&-line parsing enabled.
**/Users/hiroyukiyamanaka/Desktop/t3Stock_stash/tex-src/parent.tex
(/Users/hiroyukiyamanaka/Desktop/t3Stock_stash/tex-src/parent.tex
pLaTeX2e <2023-02-14>+1, based on
LaTeX2e <2024-11-01> patch level 2
L3 programming layer <2025-04-29>
(/usr/local/texlive/2025/texmf-dist/tex/platex/jsclasses/jsbook.cls
Document Class: jsbook 2025/04/27 jsclasses (okumura, texjporg)
Class jsbook Info: Autodetected engine: pLaTeX on input line 241.
\jsc@mpt=\dimen162
\jsc@mmm=\dimen163
\jsc@smallskipamount=\skip49
LaTeX Info: Redefining \textmc on input line 516.
LaTeX Info: Redefining \textgt on input line 518.
\symmincho=\mathgroup4
LaTeX Font Info:    Overwriting symbol font `mincho' in version `bold'
(Font)                  JY1/mc/m/n --> JY1/gt/m/n on input line 580.
LaTeX Font Info:    Font shape `JT1/mc/m/n' will be
(Font)              scaled to size 9.60999pt on input line 774.
LaTeX Font Info:    Font shape `JY1/mc/m/n' will be
(Font)              scaled to size 9.60999pt on input line 774.
\fullwidth=\dimen164
LaTeX Font Info:    Font shape `JT1/mc/m/n' will be
(Font)              scaled to size 7.68799pt on input line 935.
LaTeX Font Info:    Font shape `JY1/mc/m/n' will be
(Font)              scaled to size 7.68799pt on input line 935.
\c@part=\count271
\c@chapter=\count272
\c@section=\count273
\c@subsection=\count274
\c@subsubsection=\count275
\c@paragraph=\count276
\c@subparagraph=\count277
\c@figure=\count278
\c@table=\count279
\abovecaptionskip=\skip50
\belowcaptionskip=\skip51
\jsc@tocl@width=\dimen165
\@lnumwidth=\dimen166
\bibindent=\dimen167
(/usr/local/texlive/2025/texmf-dist/tex/platex/jsclasses/jslogo.sty
Package: jslogo 2019/07/25 okumura, texjporg
LaTeX Info: Redefining \TeX on input line 82.
LaTeX Info: Redefining \LaTeX on input line 135.
LaTeX Info: Redefining \LaTeXe on input line 188.
)
\heisei=\count280
) (/usr/local/texlive/2025/texmf-dist/tex/latex/amsmath/amsmath.sty
Package: amsmath 2024/11/05 v2.17t AMS math features
\@mathmargin=\skip52
For additional information on amsmath, use the `?' option.
(/usr/local/texlive/2025/texmf-dist/tex/latex/amsmath/amstext.sty
Package: amstext 2021/08/26 v2.01 AMS text
(/usr/local/texlive/2025/texmf-dist/tex/latex/amsmath/amsgen.sty
File: amsgen.sty 1999/11/30 v2.0 generic functions
\@emptytoks=\toks18
\ex@=\dimen168
)) (/usr/local/texlive/2025/texmf-dist/tex/latex/amsmath/amsbsy.sty
Package: amsbsy 1999/11/29 v1.2d Bold Symbols
\pmbraise@=\dimen169
) (/usr/local/texlive/2025/texmf-dist/tex/latex/amsmath/amsopn.sty
Package: amsopn 2022/04/08 v2.04 operator names
)
\inf@bad=\count281
LaTeX Info: Redefining \frac on input line 233.
\uproot@=\count282
\leftroot@=\count283
LaTeX Info: Redefining \overline on input line 398.
LaTeX Info: Redefining \colon on input line 409.
\classnum@=\count284
\DOTSCASE@=\count285
LaTeX Info: Redefining \ldots on input line 495.
LaTeX Info: Redefining \dots on input line 498.
LaTeX Info: Redefining \cdots on input line 619.
\Mathstrutbox@=\box70
\strutbox@=\box71
LaTeX Info: Redefining \big on input line 721.
LaTeX Info: Redefining \Big on input line 722.
LaTeX Info: Redefining \bigg on input line 723.
LaTeX Info: Redefining \Bigg on input line 724.
\big@size=\dimen170
LaTeX Font Info:    Redeclaring font encoding OML on input line 742.
LaTeX Font Info:    Redeclaring font encoding OMS on input line 743.
\macc@depth=\count286
LaTeX Info: Redefining \bmod on input line 904.
LaTeX Info: Redefining \pmod on input line 909.
LaTeX Info: Redefining \smash on input line 939.
LaTeX Info: Redefining \relbar on input line 969.
LaTeX Info: Redefining \Relbar on input line 970.
\c@MaxMatrixCols=\count287
\dotsspace@=\muskip17
\c@parentequation=\count288
\dspbrk@lvl=\count289
\tag@help=\toks19
\row@=\count290
\column@=\count291
\maxfields@=\count292
\andhelp@=\toks20
\eqnshift@=\dimen171
\alignsep@=\dimen172
\tagshift@=\dimen173
\tagwidth@=\dimen174
\totwidth@=\dimen175
\lineht@=\dimen176
\@envbody=\toks21
\multlinegap=\skip53
\multlinetaggap=\skip54
\mathdisplay@stack=\toks22
LaTeX Info: Redefining \[ on input line 2953.
LaTeX Info: Redefining \] on input line 2954.
) (/usr/local/texlive/2025/texmf-dist/tex/latex/amsfonts/amssymb.sty
Package: amssymb 2013/01/14 v3.01 AMS font symbols
(/usr/local/texlive/2025/texmf-dist/tex/latex/amsfonts/amsfonts.sty
Package: amsfonts 2013/01/14 v3.01 Basic AMSFonts support
\symAMSa=\mathgroup5
\symAMSb=\mathgroup6
LaTeX Font Info:    Redeclaring math symbol \hbar on input line 98.
LaTeX Font Info:    Overwriting math alphabet `\mathfrak' in version `bold'
(Font)                  U/euf/m/n --> U/euf/b/n on input line 106.
)) (/usr/local/texlive/2025/texmf-dist/tex/latex/tools/tabularx.sty
Package: tabularx 2023/12/11 v2.12a `tabularx' package (DPC)
(/usr/local/texlive/2025/texmf-dist/tex/latex/tools/array.sty
Package: array 2024/10/17 v2.6g Tabular extension package (FMi)
\col@sep=\dimen177
\ar@mcellbox=\box72
\extrarowheight=\dimen178
\NC@list=\toks23
\extratabsurround=\skip55
\backup@length=\skip56
\ar@cellbox=\box73
)
\TX@col@width=\dimen179
\TX@old@table=\dimen180
\TX@old@col=\dimen181
\TX@target=\dimen182
\TX@delta=\dimen183
\TX@cols=\count293
\TX@ftn=\toks24
) (/usr/local/texlive/2025/texmf-dist/tex/latex/booktabs/booktabs.sty
Package: booktabs 2020/01/12 v1.61803398 Publication quality tables
\heavyrulewidth=\dimen184
\lightrulewidth=\dimen185
\cmidrulewidth=\dimen186
\belowrulesep=\dimen187
\belowbottomsep=\dimen188
\aboverulesep=\dimen189
\abovetopsep=\dimen190
\cmidrulesep=\dimen191
\cmidrulekern=\dimen192
\defaultaddspace=\dimen193
\@cmidla=\count294
\@cmidlb=\count295
\@aboverulesep=\dimen194
\@belowrulesep=\dimen195
\@thisruleclass=\count296
\@lastruleclass=\count297
\@thisrulewidth=\dimen196
) (/usr/local/texlive/2025/texmf-dist/tex/latex/graphics/graphicx.sty
Package: graphicx 2021/09/16 v1.2d Enhanced LaTeX Graphics (DPC,SPQR)
(/usr/local/texlive/2025/texmf-dist/tex/latex/graphics/keyval.sty
Package: keyval 2022/05/29 v1.15 key=value parser (DPC)
\KV@toks@=\toks25
) (/usr/local/texlive/2025/texmf-dist/tex/latex/graphics/graphics.sty
Package: graphics 2024/08/06 v1.4g Standard LaTeX Graphics (DPC,SPQR)
(/usr/local/texlive/2025/texmf-dist/tex/latex/graphics/trig.sty
Package: trig 2023/12/02 v1.11 sin cos tan (DPC)
) (/usr/local/texlive/2025/texmf-dist/tex/latex/graphics-cfg/graphics.cfg
File: graphics.cfg 2016/06/04 v1.11 sample graphics configuration
)
Package graphics Info: Driver file: dvipdfmx.def on input line 106.
(/usr/local/texlive/2025/texmf-dist/tex/latex/graphics-def/dvipdfmx.def
File: dvipdfmx.def 2022/09/22 v5.0m Graphics/color driver for dvipdfmx
))
\Gin@req@height=\dimen197
\Gin@req@width=\dimen198
) (/usr/local/texlive/2025/texmf-dist/tex/latex/l3backend/l3backend-dvipdfmx.def
File: l3backend-dvipdfmx.def 2025-04-14 L3 backend support: dvipdfmx
\g__graphics_track_int=\count298
\g__pdfannot_backend_int=\count299
\g__pdfannot_backend_link_int=\count300
) (out/parent.aux (out/basic_form.aux) (out/open_price/phase0.aux) (out/open_price/phase1.aux) (out/open_price/phase2.aux) (out/open_price/phase3.aux) (out/open_price/phase4.aux) (out/center_shift/phase0.aux) (out/center_shift/kappa/phase1.aux) (out/center_shift/sigma/phase1.aux) (out/center_shift/sigma/phase2.aux) (out/range/phase0.aux) (out/range/phase1.aux) (out/range/phase2.aux) (out/range/phase3.aux) (out/range/phase4.aux) (out/event/phase0.aux) (out/event/weekday/phase1.aux) (out/event/weekday/phase2.aux) (out/event/weekday/holiday/phase1.aux) (out/event/weekday/holiday/phase2.aux) (out/event/weekday/holiday/phase3.aux) (out/event/weekday/phase3.aux) (out/event/earn/phase1.aux) (out/event/earn/phase2.aux) (out/event/earn/phase3.aux) (out/event/earn/phase4.aux) (out/event/earn/phase5.aux) (out/event/market/phase1.aux) (out/event/market/phase2.aux) (out/event/market/phase3.aux) (out/event/market/phase4.aux) (out/event/market/phase5.aux) (out/momentum/phase0.aux) (out/momentum/phase1.aux) (out/momentum/phase2.aux) (out/momentum/phase3.aux) (out/momentum/phase4.aux) (out/momentum/phase5.aux) (out/table.aux) (out/data/prices/8801.aux) (out/data/analysis/basic_form/8801.aux) (out/data/analysis/center_shift/8801.aux) (out/data/analysis/center_shift/8801_diff.aux) (out/data/analysis/center_shift/summary.aux))
\openout1 = `parent.aux'.

LaTeX Font Info:    Checking defaults for OML/cmm/m/it on input line 17.
LaTeX Font Info:    ... okay on input line 17.
LaTeX Font Info:    Checking defaults for OMS/cmsy/m/n on input line 17.
LaTeX Font Info:    ... okay on input line 17.
LaTeX Font Info:    Checking defaults for OT1/cmr/m/n on input line 17.
LaTeX Font Info:    ... okay on input line 17.
LaTeX Font Info:    Checking defaults for T1/cmr/m/n on input line 17.
LaTeX Font Info:    ... okay on input line 17.
LaTeX Font Info:    Checking defaults for TS1/cmr/m/n on input line 17.
LaTeX Font Info:    ... okay on input line 17.
LaTeX Font Info:    Checking defaults for OMX/cmex/m/n on input line 17.
LaTeX Font Info:    ... okay on input line 17.
LaTeX Font Info:    Checking defaults for U/cmr/m/n on input line 17.
LaTeX Font Info:    ... okay on input line 17.
LaTeX Font Info:    Checking defaults for JY1/mc/m/n on input line 17.
LaTeX Font Info:    ... okay on input line 17.
LaTeX Font Info:    Checking defaults for JT1/mc/m/n on input line 17.
LaTeX Font Info:    ... okay on input line 17.
\openout2 = `basic_form.aux'.

(./basic_form.tex
LaTeX Font Info:    Font shape `JT1/mc/m/n' will be
(Font)              scaled to size 13.83836pt on input line 9.
LaTeX Font Info:    Font shape `JY1/mc/m/n' will be
(Font)              scaled to size 13.83836pt on input line 9.
LaTeX Font Info:    Font shape `JT1/gt/m/n' will be
(Font)              scaled to size 13.83836pt on input line 9.
LaTeX Font Info:    Font shape `JY1/gt/m/n' will be
(Font)              scaled to size 13.83836pt on input line 9.
LaTeX Font Info:    Font shape `JY1/mc/m/n' will be
(Font)              scaled to size 6.72699pt on input line 12.
LaTeX Font Info:    Font shape `JY1/mc/m/n' will be
(Font)              scaled to size 4.805pt on input line 12.
LaTeX Font Info:    Trying to load font information for U+msa on input line 12.
(/usr/local/texlive/2025/texmf-dist/tex/latex/amsfonts/umsa.fd
File: umsa.fd 2013/01/14 v3.01 AMS symbols A
)
LaTeX Font Info:    Trying to load font information for U+msb on input line 12.
(/usr/local/texlive/2025/texmf-dist/tex/latex/amsfonts/umsb.fd
File: umsb.fd 2013/01/14 v3.01 AMS symbols B
)
LaTeX Font Info:    Font shape `JT1/mc/m/n' will be
(Font)              scaled to size 6.72699pt on input line 38.
LaTeX Font Info:    Font shape `JT1/mc/m/n' will be
(Font)              scaled to size 4.805pt on input line 38.
LaTeX Font Info:    Font shape `JT1/mc/m/n' will be
(Font)              scaled to size 11.53198pt on input line 41.
LaTeX Font Info:    Font shape `JY1/mc/m/n' will be
(Font)              scaled to size 11.53198pt on input line 41.
LaTeX Font Info:    Font shape `JT1/gt/m/n' will be
(Font)              scaled to size 11.53198pt on input line 41.
LaTeX Font Info:    Font shape `JY1/gt/m/n' will be
(Font)              scaled to size 11.53198pt on input line 41.
)

LaTeX Font Info:    Font shape `JT1/mc/bx/n' in size <10> not available
(Font)              Font shape `JT1/gt/m/n' tried instead on input line 19.
LaTeX Font Info:    Font shape `JT1/gt/m/n' will be
(Font)              scaled to size 9.60999pt on input line 19.
LaTeX Font Info:    Font shape `JY1/mc/bx/n' in size <10> not available
(Font)              Font shape `JY1/gt/m/n' tried instead on input line 19.
LaTeX Font Info:    Font shape `JY1/gt/m/n' will be
(Font)              scaled to size 9.60999pt on input line 19.
[1


]
\openout2 = `open_price/phase0.aux'.

(./open_price/phase0.tex)

[2




]
\openout2 = `open_price/phase1.aux'.

(./open_price/phase1.tex
LaTeX Font Info:    Font shape `JT1/mc/bx/n' in size <7> not available
(Font)              Font shape `JT1/gt/m/n' tried instead on input line 27.
LaTeX Font Info:    Font shape `JT1/gt/m/n' will be
(Font)              scaled to size 6.72699pt on input line 27.
LaTeX Font Info:    Font shape `JY1/mc/bx/n' in size <7> not available
(Font)              Font shape `JY1/gt/m/n' tried instead on input line 27.
LaTeX Font Info:    Font shape `JY1/gt/m/n' will be
(Font)              scaled to size 6.72699pt on input line 27.
LaTeX Font Info:    Font shape `JT1/mc/bx/n' in size <5> not available
(Font)              Font shape `JT1/gt/m/n' tried instead on input line 27.
LaTeX Font Info:    Font shape `JT1/gt/m/n' will be
(Font)              scaled to size 4.805pt on input line 27.
LaTeX Font Info:    Font shape `JY1/mc/bx/n' in size <5> not available
(Font)              Font shape `JY1/gt/m/n' tried instead on input line 27.
LaTeX Font Info:    Font shape `JY1/gt/m/n' will be
(Font)              scaled to size 4.805pt on input line 27.
)

[3




]
\openout2 = `open_price/phase2.aux'.

(./open_price/phase2.tex)

[4




]
\openout2 = `open_price/phase3.aux'.

(./open_price/phase3.tex)

[5




]
\openout2 = `open_price/phase4.aux'.

(./open_price/phase4.tex
LaTeX Font Info:    Font shape `JY1/mc/m/n' will be
(Font)              scaled to size 5.76599pt on input line 13.
LaTeX Font Info:    Font shape `JT1/gt/m/n' will be
(Font)              scaled to size 7.68799pt on input line 13.
LaTeX Font Info:    Font shape `JY1/gt/m/n' will be
(Font)              scaled to size 7.68799pt on input line 13.
LaTeX Font Info:    Font shape `JT1/gt/m/n' will be
(Font)              scaled to size 5.76599pt on input line 13.
LaTeX Font Info:    Font shape `JY1/gt/m/n' will be
(Font)              scaled to size 5.76599pt on input line 13.
)

[6




]
\openout2 = `center_shift/phase0.aux'.

(./center_shift/phase0.tex)

[7




]
\openout2 = `center_shift/kappa/phase1.aux'.

(./center_shift/kappa/phase1.tex)

[8




]
\openout2 = `center_shift/sigma/phase1.aux'.

(./center_shift/sigma/phase1.tex)

[9




]
\openout2 = `center_shift/sigma/phase2.aux'.

(./center_shift/sigma/phase2.tex)

[10




]
\openout2 = `range/phase0.aux'.

(./range/phase0.tex)

[11




]
\openout2 = `range/phase1.aux'.

(./range/phase1.tex)

[12




]
\openout2 = `range/phase2.aux'.

(./range/phase2.tex)

[13




]
\openout2 = `range/phase3.aux'.

(./range/phase3.tex)

[14




]
\openout2 = `range/phase4.aux'.

(./range/phase4.tex)

[15




]
\openout2 = `event/phase0.aux'.

(./event/phase0.tex)

[16




]
\openout2 = `event/weekday/phase1.aux'.

(./event/weekday/phase1.tex)

[17




]
\openout2 = `event/weekday/phase2.aux'.

(./event/weekday/phase2.tex)

[18




]
\openout2 = `event/weekday/holiday/phase1.aux'.

(./event/weekday/holiday/phase1.tex)

[19




]
\openout2 = `event/weekday/holiday/phase2.aux'.

(./event/weekday/holiday/phase2.tex)

[20




]
\openout2 = `event/weekday/holiday/phase3.aux'.

(./event/weekday/holiday/phase3.tex)

[21




]
\openout2 = `event/weekday/phase3.aux'.

(./event/weekday/phase3.tex)

[22




]
\openout2 = `event/earn/phase1.aux'.

(./event/earn/phase1.tex)

[23




]
\openout2 = `event/earn/phase2.aux'.

(./event/earn/phase2.tex)

[24




]
\openout2 = `event/earn/phase3.aux'.

(./event/earn/phase3.tex)

[25




]
\openout2 = `event/earn/phase4.aux'.

(./event/earn/phase4.tex)

[26




]
\openout2 = `event/earn/phase5.aux'.

(./event/earn/phase5.tex)

[27




]
\openout2 = `event/market/phase1.aux'.

(./event/market/phase1.tex)

[28




]
\openout2 = `event/market/phase2.aux'.

(./event/market/phase2.tex)

[29




]
\openout2 = `event/market/phase3.aux'.

(./event/market/phase3.tex)

[30




]
\openout2 = `event/market/phase4.aux'.

(./event/market/phase4.tex)

[31




]
\openout2 = `event/market/phase5.aux'.

(./event/market/phase5.tex)

[32




]
\openout2 = `momentum/phase0.aux'.

(./momentum/phase0.tex)

[33




]
\openout2 = `momentum/phase1.aux'.

(./momentum/phase1.tex)

[34




]
\openout2 = `momentum/phase2.aux'.

(./momentum/phase2.tex)

[35




]
\openout2 = `momentum/phase3.aux'.

(./momentum/phase3.tex)

[36




]
\openout2 = `momentum/phase4.aux'.

(./momentum/phase4.tex)

[37




]
\openout2 = `momentum/phase5.aux'.

(./momentum/phase5.tex)

[38




]
\openout2 = `table.aux'.

(./table.tex
Underfull \hbox (badness 10000) in alignment at lines 44--44
[][][][][][] 
 []


Overfull \hbox (9.24687pt too wide) in paragraph at lines 44--45
[][] 
 []


Underfull \hbox (badness 10000) in alignment at lines 80--80
[][][][][][][][][]
 []


Overfull \hbox (9.24687pt too wide) in paragraph at lines 80--81
[][] 
 []



[39




]
Underfull \hbox (badness 10000) in alignment at lines 114--114
[][][][][][][][] 
 []


Overfull \hbox (9.24687pt too wide) in paragraph at lines 114--115
[][] 
 []



[40]
Overfull \hbox (112.41124pt too wide) in alignment at lines 152--152
[][][][][][][][][][][][][] 
 []


Overfull \hbox (9.24687pt too wide) in paragraph at lines 152--153
[][] 
 []

)

[41]

[42]
\openout2 = `data/prices/8801.aux'.

No file data/prices/8801.tex.
\openout2 = `data/analysis/basic_form/8801.aux'.

(./data/analysis/basic_form/8801.tex)
Overfull \hbox (6.48956pt too wide) in paragraph at lines 3--140
[][] 
 []



[43








]
\openout2 = `data/analysis/center_shift/8801.aux'.

(./data/analysis/center_shift/8801.tex)
Overfull \hbox (6.48383pt too wide) in paragraph at lines 3--143
[][] 
 []



[44




]
\openout2 = `data/analysis/center_shift/8801_diff.aux'.

(./data/analysis/center_shift/8801_diff.tex
LaTeX Font Info:    Font shape `JT1/mc/m/n' will be
(Font)              scaled to size 5.76599pt on input line 74.
)
Overfull \hbox (7.41095pt too wide) in paragraph at lines 3--146
[][] 
 []



[45




]
Overfull \vbox (114.50711pt too high) has occurred while \output is active []



[46]
\openout2 = `data/analysis/center_shift/summary.aux'.

(./data/analysis/center_shift/summary.tex)

[47




] (out/parent.aux (out/basic_form.aux) (out/open_price/phase0.aux) (out/open_price/phase1.aux) (out/open_price/phase2.aux) (out/open_price/phase3.aux) (out/open_price/phase4.aux) (out/center_shift/phase0.aux) (out/center_shift/kappa/phase1.aux) (out/center_shift/sigma/phase1.aux) (out/center_shift/sigma/phase2.aux) (out/range/phase0.aux) (out/range/phase1.aux) (out/range/phase2.aux) (out/range/phase3.aux) (out/range/phase4.aux) (out/event/phase0.aux) (out/event/weekday/phase1.aux) (out/event/weekday/phase2.aux) (out/event/weekday/holiday/phase1.aux) (out/event/weekday/holiday/phase2.aux) (out/event/weekday/holiday/phase3.aux) (out/event/weekday/phase3.aux) (out/event/earn/phase1.aux) (out/event/earn/phase2.aux) (out/event/earn/phase3.aux) (out/event/earn/phase4.aux) (out/event/earn/phase5.aux) (out/event/market/phase1.aux) (out/event/market/phase2.aux) (out/event/market/phase3.aux) (out/event/market/phase4.aux) (out/event/market/phase5.aux) (out/momentum/phase0.aux) (out/momentum/phase1.aux) (out/momentum/phase2.aux) (out/momentum/phase3.aux) (out/momentum/phase4.aux) (out/momentum/phase5.aux) (out/table.aux) (out/data/prices/8801.aux) (out/data/analysis/basic_form/8801.aux) (out/data/analysis/center_shift/8801.aux) (out/data/analysis/center_shift/8801_diff.aux) (out/data/analysis/center_shift/summary.aux))
 ***********
pLaTeX2e <2023-02-14>+1, based on
LaTeX2e <2024-11-01> patch level 2
L3 programming layer <2025-04-29>
 ***********
 ) 
Here is how much of TeX's memory you used:
 3726 strings out of 470235
 74450 string characters out of 5485709
 495314 words of memory out of 5000000
 30272 multiletter control sequences out of 15000+600000
 646068 words of font info for 129 fonts, out of 8000000 for 9000
 934 hyphenation exceptions out of 8191
 57i,16n,65p,370b,354s stack positions out of 10000i,1000n,20000p,200000b,200000s

Output written on out/parent.dvi (47 pages, 95632 bytes).
